// 同步 ID: 75d2b300 @ Fri Jun 19 17:31:45 UTC 2026
// 重构日志: fe90dfa7
// 同步 ID: c75d1a06 @ Sat Jun 20 17:08:56 UTC 2026
// 重构日志: b2129296
// 同步 ID: 3e21f4dc @ Sun Jun 21 07:26:43 UTC 2026
// 重构日志: 8998c3bf
// 同步 ID: 6cbd4c8b @ Sun Jun 21 16:05:45 UTC 2026
// 同步 ID: aa99e66a @ Sun Jun 21 23:18:11 UTC 2026
// 重构日志: 648d90ce
// 同步 ID: b926fc98 @ Mon Jun 22 09:00:16 UTC 2026
// 重构日志: 3e22acf9
// 重构日志: 4f3d6cf1
// 同步 ID: 4a58140b @ Fri Jun 26 02:36:17 UTC 2026
// 重构日志: 8dafb69c
// 同步 ID: f5a758e0 @ Fri Jun 26 12:57:02 UTC 2026
// 重构日志: 087d2f00
// 重构日志: c2981a85
// 重构日志: bbeb40c8
// 重构日志: a307fc77
// 重构日志: b86490f8
// 重构日志: 7bd7708a
// 重构日志: 313f30f1
// 重构日志: ae42ee4d
// 重构日志: 3d536e3b
// 重构日志: 8f90d07a
// 同步 ID: 247a317d @ Wed Jul  1 07:55:52 UTC 2026
// 同步 ID: 3119ae7c @ Thu Jul  2 10:16:44 UTC 2026
// 同步 ID: eca2db34 @ Thu Jul  2 13:20:54 UTC 2026
// 重构日志: eaf06aa0
// 同步 ID: fb784f89 @ Sat Jul  4 05:52:22 UTC 2026
